2026-06-09 01:06:52,629 - INFO - Экспорт выполнен: orders.json
2026-06-09 01:06:53,065 - INFO - Экспорт выполнен: orders.xml
2026-06-09 01:07:57,891 - INFO - Создан клиент: Иван
2026-06-09 01:07:57,892 - INFO - Создан заказ: 1
2026-06-09 01:07:57,894 - INFO - Экспорт выполнен: /tmp/tmpwksfuc5r/orders.json
2026-06-09 01:07:57,894 - INFO - Экспорт выполнен: /tmp/tmpwksfuc5r/orders.xml
2026-06-09 01:07:57,900 - INFO - Создан клиент: Иван
2026-06-09 01:07:57,901 - INFO - Создан заказ: 1
2026-06-09 01:07:57,901 - INFO - Импорт выполнен: /tmp/tmpwksfuc5r/orders.json
2026-06-09 01:07:57,906 - INFO - Создан клиент: Иван
2026-06-09 01:07:57,907 - INFO - Создан заказ: 1
2026-06-09 01:07:57,907 - INFO - Импорт выполнен: /tmp/tmpwksfuc5r/orders.xml
2026-06-10 12:47:34,707 - INFO - Создан клиент: Иван
2026-06-10 12:47:34,709 - INFO - Изменён клиент: 1
2026-06-10 12:47:34,711 - INFO - Удалён клиент: 1
2026-06-10 12:47:34,723 - INFO - Создан клиент: Иван
2026-06-10 12:47:34,725 - INFO - Создан заказ: 1
2026-06-10 12:47:34,728 - INFO - Изменён заказ: 1
2026-06-10 12:47:34,728 - ERROR - Ошибка удаления клиента: Нельзя удалить клиента, у которого есть заказы
2026-06-10 12:47:34,742 - INFO - Создан клиент: Иван
2026-06-10 12:47:34,744 - INFO - Создан клиент: Анна
2026-06-10 12:47:34,747 - INFO - Создан заказ: 1
2026-06-10 12:47:34,749 - INFO - Создан заказ: 2
2026-06-10 12:47:34,758 - INFO - Создан клиент: Иван
2026-06-10 12:47:34,761 - INFO - Создан заказ: 1
2026-06-10 12:47:34,774 - INFO - Создан клиент: Иван
2026-06-10 12:47:34,776 - INFO - Создан заказ: 1
2026-06-10 12:47:34,777 - INFO - Экспорт выполнен: /tmp/pytest-of-antisuffer/pytest-0/test_json_export_import0/orders.json
2026-06-10 12:47:34,790 - INFO - Создан клиент: Иван
2026-06-10 12:47:34,792 - INFO - Создан заказ: 1
2026-06-10 12:47:34,792 - INFO - Импорт выполнен: /tmp/pytest-of-antisuffer/pytest-0/test_json_export_import0/orders.json
2026-06-10 12:47:34,805 - INFO - Создан клиент: Иван
2026-06-10 12:47:34,807 - INFO - Создан заказ: 1
2026-06-10 12:47:34,808 - INFO - Экспорт выполнен: /tmp/pytest-of-antisuffer/pytest-0/test_xml_export_import0/orders.xml
2026-06-10 12:47:34,821 - INFO - Создан клиент: Иван
2026-06-10 12:47:34,823 - INFO - Создан заказ: 1
2026-06-10 12:47:34,824 - INFO - Импорт выполнен: /tmp/pytest-of-antisuffer/pytest-0/test_xml_export_import0/orders.xml
2026-06-10 12:55:31,437 - INFO - Создан клиент: Иван
2026-06-10 12:55:31,438 - INFO - Изменён клиент: 1
2026-06-10 12:55:31,439 - INFO - Удалён клиент: 1
2026-06-10 12:55:31,445 - INFO - Создан клиент: Иван
2026-06-10 12:55:31,446 - INFO - Создан заказ: 1
2026-06-10 12:55:31,447 - INFO - Изменён заказ: 1
2026-06-10 12:55:31,447 - ERROR - Ошибка удаления клиента: Нельзя удалить клиента, у которого есть заказы
2026-06-10 12:55:31,453 - INFO - Создан клиент: Иван
2026-06-10 12:55:31,454 - INFO - Создан клиент: Анна
2026-06-10 12:55:31,455 - INFO - Создан заказ: 1
2026-06-10 12:55:31,456 - INFO - Создан заказ: 2
2026-06-10 12:55:31,461 - INFO - Создан клиент: Иван
2026-06-10 12:55:31,462 - INFO - Создан заказ: 1
2026-06-10 12:55:31,468 - INFO - Создан клиент: Иван
2026-06-10 12:55:31,469 - INFO - Создан заказ: 1
2026-06-10 12:55:31,469 - INFO - Экспорт выполнен: /tmp/pytest-of-antisuffer/pytest-1/test_json_export_import0/orders.json
2026-06-10 12:55:31,474 - INFO - Создан клиент: Иван
2026-06-10 12:55:31,476 - INFO - Создан заказ: 1
2026-06-10 12:55:31,476 - INFO - Импорт выполнен: /tmp/pytest-of-antisuffer/pytest-1/test_json_export_import0/orders.json
2026-06-10 12:55:31,481 - INFO - Создан клиент: Иван
2026-06-10 12:55:31,482 - INFO - Создан заказ: 1
2026-06-10 12:55:31,483 - INFO - Экспорт выполнен: /tmp/pytest-of-antisuffer/pytest-1/test_xml_export_import0/orders.xml
2026-06-10 12:55:31,488 - INFO - Создан клиент: Иван
2026-06-10 12:55:31,489 - INFO - Создан заказ: 1
2026-06-10 12:55:31,489 - INFO - Импорт выполнен: /tmp/pytest-of-antisuffer/pytest-1/test_xml_export_import0/orders.xml
2026-06-10 13:08:34,865 - INFO - Создан клиент: Тестовый клиент
2026-06-10 13:08:34,867 - INFO - Создан заказ: 1
2026-06-10 13:08:51,028 - INFO - Изменён заказ: 1
2026-06-10 13:08:59,454 - INFO - Изменён заказ: 1
2026-06-10 13:11:01,849 - INFO - Создан заказ: 2
2026-06-10 13:11:48,224 - INFO - Изменён заказ: 2
2026-06-10 13:12:50,624 - INFO - Удалён заказ: 1
2026-06-10 13:24:43,507 - INFO - Создан клиент: Иван
2026-06-10 13:24:43,509 - INFO - Изменён клиент: 1
2026-06-10 13:24:43,510 - INFO - Удалён клиент: 1
2026-06-10 13:24:43,517 - INFO - Создан клиент: Иван
2026-06-10 13:24:43,518 - INFO - Создан заказ: 1
2026-06-10 13:24:43,519 - INFO - Изменён заказ: 1
2026-06-10 13:24:43,520 - ERROR - Ошибка удаления клиента: Нельзя удалить клиента, у которого есть заказы
2026-06-10 13:24:43,525 - INFO - Создан клиент: Иван
2026-06-10 13:24:43,526 - INFO - Создан клиент: Анна
2026-06-10 13:24:43,527 - INFO - Создан заказ: 1
2026-06-10 13:24:43,528 - INFO - Создан заказ: 2
2026-06-10 13:24:43,532 - INFO - Создан клиент: Иван
2026-06-10 13:24:43,533 - INFO - Создан заказ: 1
2026-06-10 13:24:43,539 - INFO - Создан клиент: Иван
2026-06-10 13:24:43,540 - INFO - Создан заказ: 1
2026-06-10 13:24:43,540 - INFO - Экспорт выполнен: /tmp/pytest-of-antisuffer/pytest-2/test_json_export_import0/orders.json
2026-06-10 13:24:43,545 - INFO - Создан клиент: Иван
2026-06-10 13:24:43,546 - INFO - Создан заказ: 1
2026-06-10 13:24:43,546 - INFO - Импорт выполнен: /tmp/pytest-of-antisuffer/pytest-2/test_json_export_import0/orders.json
2026-06-10 13:24:43,551 - INFO - Создан клиент: Иван
2026-06-10 13:24:43,552 - INFO - Создан заказ: 1
2026-06-10 13:24:43,553 - INFO - Экспорт выполнен: /tmp/pytest-of-antisuffer/pytest-2/test_xml_export_import0/orders.xml
2026-06-10 13:24:43,558 - INFO - Создан клиент: Иван
2026-06-10 13:24:43,559 - INFO - Создан заказ: 1
2026-06-10 13:24:43,559 - INFO - Импорт выполнен: /tmp/pytest-of-antisuffer/pytest-2/test_xml_export_import0/orders.xml
2026-06-10 13:25:50,963 - INFO - Изменён заказ: 2
2026-06-10 13:28:28,215 - INFO - Создан клиент: Иван
2026-06-10 13:28:28,216 - INFO - Изменён клиент: 1
2026-06-10 13:28:28,217 - INFO - Удалён клиент: 1
2026-06-10 13:28:28,223 - INFO - Создан клиент: Иван
2026-06-10 13:28:28,224 - INFO - Создан заказ: 1
2026-06-10 13:28:28,225 - INFO - Изменён заказ: 1
2026-06-10 13:28:28,225 - ERROR - Ошибка удаления клиента: Нельзя удалить клиента, у которого есть заказы
2026-06-10 13:28:28,230 - INFO - Создан клиент: Иван
2026-06-10 13:28:28,231 - INFO - Создан клиент: Анна
2026-06-10 13:28:28,232 - INFO - Создан заказ: 1
2026-06-10 13:28:28,233 - INFO - Создан заказ: 2
2026-06-10 13:28:28,237 - INFO - Создан клиент: Иван
2026-06-10 13:28:28,238 - INFO - Создан заказ: 1
2026-06-10 13:28:28,244 - INFO - Создан клиент: Иван
2026-06-10 13:28:28,245 - INFO - Создан заказ: 1
2026-06-10 13:28:28,245 - INFO - Экспорт выполнен: /tmp/pytest-of-antisuffer/pytest-3/test_json_export_import0/orders.json
2026-06-10 13:28:28,251 - INFO - Создан клиент: Иван
2026-06-10 13:28:28,252 - INFO - Создан заказ: 1
2026-06-10 13:28:28,252 - INFO - Импорт выполнен: /tmp/pytest-of-antisuffer/pytest-3/test_json_export_import0/orders.json
2026-06-10 13:28:28,259 - INFO - Создан клиент: Иван
2026-06-10 13:28:28,260 - INFO - Создан заказ: 1
2026-06-10 13:28:28,260 - INFO - Экспорт выполнен: /tmp/pytest-of-antisuffer/pytest-3/test_xml_export_import0/orders.xml
2026-06-10 13:28:28,266 - INFO - Создан клиент: Иван
2026-06-10 13:28:28,267 - INFO - Создан заказ: 1
2026-06-10 13:28:28,267 - INFO - Импорт выполнен: /tmp/pytest-of-antisuffer/pytest-3/test_xml_export_import0/orders.xml
2026-06-12 16:23:48,772 - INFO - Создан клиент: Иван
2026-06-12 16:23:48,774 - INFO - Изменён клиент: 1
2026-06-12 16:23:48,776 - INFO - Удалён клиент: 1
2026-06-12 16:23:48,794 - INFO - Создан клиент: Иван
2026-06-12 16:23:48,797 - INFO - Создан заказ: 1
2026-06-12 16:23:48,800 - INFO - Изменён заказ: 1
2026-06-12 16:23:48,800 - ERROR - Ошибка удаления клиента: Нельзя удалить клиента, у которого есть заказы
2026-06-12 16:23:48,817 - INFO - Создан клиент: Иван
2026-06-12 16:23:48,819 - INFO - Создан клиент: Анна
2026-06-12 16:23:48,822 - INFO - Создан заказ: 1
2026-06-12 16:23:48,825 - INFO - Создан заказ: 2
2026-06-12 16:24:26,344 - INFO - Создан клиент: Иван
2026-06-12 16:24:26,347 - INFO - Изменён клиент: 1
2026-06-12 16:24:26,350 - INFO - Удалён клиент: 1
2026-06-12 16:24:26,364 - INFO - Создан клиент: Иван
2026-06-12 16:24:26,367 - INFO - Создан заказ: 1
2026-06-12 16:24:26,369 - INFO - Изменён заказ: 1
2026-06-12 16:24:26,369 - ERROR - Ошибка удаления клиента: Нельзя удалить клиента, у которого есть заказы
2026-06-12 16:24:26,382 - INFO - Создан клиент: Иван
2026-06-12 16:24:26,384 - INFO - Создан клиент: Анна
2026-06-12 16:24:26,387 - INFO - Создан заказ: 1
2026-06-12 16:24:26,390 - INFO - Создан заказ: 2
2026-06-12 16:24:26,399 - INFO - Создан клиент: Иван
2026-06-12 16:24:26,402 - INFO - Создан заказ: 1
2026-06-12 16:29:40,179 - INFO - Создан клиент: Иван
2026-06-12 16:29:40,182 - INFO - Изменён клиент: 1
2026-06-12 16:29:40,185 - INFO - Удалён клиент: 1
2026-06-12 16:29:40,199 - INFO - Создан клиент: Иван
2026-06-12 16:29:40,201 - INFO - Создан заказ: 1
2026-06-12 16:29:40,204 - INFO - Изменён заказ: 1
2026-06-12 16:29:40,204 - ERROR - Ошибка удаления клиента: Нельзя удалить клиента, у которого есть заказы
2026-06-12 16:29:40,219 - INFO - Создан клиент: Иван
2026-06-12 16:29:40,222 - INFO - Создан клиент: Анна
2026-06-12 16:29:40,224 - INFO - Создан заказ: 1
2026-06-12 16:29:40,227 - INFO - Создан заказ: 2
2026-06-12 16:29:40,237 - INFO - Создан клиент: Иван
2026-06-12 16:29:40,240 - INFO - Создан заказ: 1
2026-06-12 16:29:40,255 - INFO - Создан клиент: Иван
2026-06-12 16:29:40,258 - INFO - Создан заказ: 1
2026-06-12 16:29:40,259 - INFO - Экспорт выполнен: /tmp/pytest-of-antisuffer/pytest-2/test_json_export_import0/orders.json
2026-06-12 16:29:40,270 - INFO - Создан клиент: Иван
2026-06-12 16:29:40,273 - INFO - Создан заказ: 1
2026-06-12 16:29:40,273 - INFO - Импорт выполнен: /tmp/pytest-of-antisuffer/pytest-2/test_json_export_import0/orders.json
2026-06-12 16:29:40,286 - INFO - Создан клиент: Иван
2026-06-12 16:29:40,288 - INFO - Создан заказ: 1
2026-06-12 16:29:40,289 - INFO - Экспорт выполнен: /tmp/pytest-of-antisuffer/pytest-2/test_xml_export_import0/orders.xml
2026-06-12 16:29:40,299 - INFO - Создан клиент: Иван
2026-06-12 16:29:40,301 - INFO - Создан заказ: 1
2026-06-12 16:29:40,301 - INFO - Импорт выполнен: /tmp/pytest-of-antisuffer/pytest-2/test_xml_export_import0/orders.xml
2026-06-12 16:45:46,684 - INFO - Экспорт выполнен: orders.json
2026-06-12 16:45:46,760 - INFO - Экспорт выполнен: orders.xml
2026-06-12 16:45:46,847 - INFO - Создан клиент: Тестовый клиент
2026-06-12 16:45:46,850 - INFO - Создан заказ: 3
2026-06-12 16:45:46,850 - INFO - Импорт выполнен: orders.json
2026-06-12 16:45:46,915 - INFO - Создан клиент: Тестовый клиент
2026-06-12 16:45:46,919 - INFO - Создан заказ: 4
2026-06-12 16:45:46,919 - INFO - Импорт выполнен: orders.xml
2026-06-12 16:49:50,807 - INFO - Экспорт выполнен: orders.json
2026-06-12 16:49:50,872 - INFO - Экспорт выполнен: orders.xml
2026-06-12 16:49:50,942 - INFO - Создан клиент: Тестовый клиент
2026-06-12 16:49:50,945 - INFO - Создан заказ: 5
2026-06-12 16:49:50,948 - INFO - Создан клиент: Тестовый клиент
2026-06-12 16:49:50,950 - INFO - Создан заказ: 6
2026-06-12 16:49:50,953 - INFO - Создан клиент: Тестовый клиент
2026-06-12 16:49:50,956 - INFO - Создан заказ: 7
2026-06-12 16:49:50,956 - INFO - Импорт выполнен: orders.json
2026-06-12 16:49:51,024 - INFO - Создан клиент: Тестовый клиент
2026-06-12 16:49:51,027 - INFO - Создан заказ: 8
2026-06-12 16:49:51,030 - INFO - Создан клиент: Тестовый клиент
2026-06-12 16:49:51,032 - INFO - Создан заказ: 9
2026-06-12 16:49:51,035 - INFO - Создан клиент: Тестовый клиент
2026-06-12 16:49:51,037 - INFO - Создан заказ: 10
2026-06-12 16:49:51,037 - INFO - Импорт выполнен: orders.xml
2026-06-12 16:54:38,942 - INFO - Создан клиент: Иван
2026-06-12 16:54:38,945 - INFO - Изменён клиент: 1
2026-06-12 16:54:38,947 - INFO - Удалён клиент: 1
2026-06-12 16:54:38,958 - INFO - Создан клиент: Иван
2026-06-12 16:54:38,960 - INFO - Создан заказ: 1
2026-06-12 16:54:38,963 - INFO - Изменён заказ: 1
2026-06-12 16:54:38,963 - ERROR - Ошибка удаления клиента: Нельзя удалить клиента, у которого есть заказы
2026-06-12 16:54:38,976 - INFO - Создан клиент: Иван
2026-06-12 16:54:38,978 - INFO - Создан клиент: Анна
2026-06-12 16:54:38,980 - INFO - Создан заказ: 1
2026-06-12 16:54:38,982 - INFO - Создан заказ: 2
2026-06-12 16:54:38,990 - INFO - Создан клиент: Иван
2026-06-12 16:54:38,992 - INFO - Создан заказ: 1
2026-06-12 16:54:39,006 - INFO - Создан клиент: Иван
2026-06-12 16:54:39,008 - INFO - Создан заказ: 1
2026-06-12 16:54:39,009 - INFO - Экспорт выполнен: /tmp/pytest-of-antisuffer/pytest-3/test_json_export_import0/orders.json
2026-06-12 16:54:39,021 - INFO - Создан клиент: Иван
2026-06-12 16:54:39,024 - INFO - Создан заказ: 1
2026-06-12 16:54:39,024 - INFO - Импорт выполнен: /tmp/pytest-of-antisuffer/pytest-3/test_json_export_import0/orders.json, создано: 1, пропущено дублей: 0
2026-06-12 16:54:39,024 - INFO - Импорт выполнен: /tmp/pytest-of-antisuffer/pytest-3/test_json_export_import0/orders.json, создано: 0, пропущено дублей: 1
2026-06-12 16:54:39,038 - INFO - Создан клиент: Иван
2026-06-12 16:54:39,041 - INFO - Создан заказ: 1
2026-06-12 16:54:39,042 - INFO - Экспорт выполнен: /tmp/pytest-of-antisuffer/pytest-3/test_xml_export_import0/orders.xml
2026-06-12 16:54:39,055 - INFO - Создан клиент: Иван
2026-06-12 16:54:39,058 - INFO - Создан заказ: 1
2026-06-12 16:54:39,058 - INFO - Импорт выполнен: /tmp/pytest-of-antisuffer/pytest-3/test_xml_export_import0/orders.xml, создано: 1, пропущено дублей: 0
2026-06-12 16:54:39,059 - INFO - Импорт выполнен: /tmp/pytest-of-antisuffer/pytest-3/test_xml_export_import0/orders.xml, создано: 0, пропущено дублей: 1
2026-06-12 16:56:09,458 - INFO - Создан клиент: Иван
2026-06-12 16:56:09,460 - INFO - Изменён клиент: 1
2026-06-12 16:56:09,463 - INFO - Удалён клиент: 1
2026-06-12 16:56:09,475 - INFO - Создан клиент: Иван
2026-06-12 16:56:09,477 - INFO - Создан заказ: 1
2026-06-12 16:56:09,479 - INFO - Изменён заказ: 1
2026-06-12 16:56:09,480 - ERROR - Ошибка удаления клиента: Нельзя удалить клиента, у которого есть заказы
2026-06-12 16:56:09,493 - INFO - Создан клиент: Иван
2026-06-12 16:56:09,495 - INFO - Создан клиент: Анна
2026-06-12 16:56:09,498 - INFO - Создан заказ: 1
2026-06-12 16:56:09,500 - INFO - Создан заказ: 2
2026-06-12 16:56:09,508 - INFO - Создан клиент: Иван
2026-06-12 16:56:09,510 - INFO - Создан заказ: 1
2026-06-12 16:56:09,525 - INFO - Создан клиент: Иван
2026-06-12 16:56:09,527 - INFO - Создан заказ: 1
2026-06-12 16:56:09,528 - INFO - Экспорт выполнен: /tmp/pytest-of-antisuffer/pytest-4/test_json_export_import0/orders.json
2026-06-12 16:56:09,541 - INFO - Создан клиент: Иван
2026-06-12 16:56:09,544 - INFO - Создан заказ: 1
2026-06-12 16:56:09,544 - INFO - Импорт выполнен: /tmp/pytest-of-antisuffer/pytest-4/test_json_export_import0/orders.json, создано: 1, пропущено дублей: 0
2026-06-12 16:56:09,544 - INFO - Импорт выполнен: /tmp/pytest-of-antisuffer/pytest-4/test_json_export_import0/orders.json, создано: 0, пропущено дублей: 1
2026-06-12 16:56:09,559 - INFO - Создан клиент: Иван
2026-06-12 16:56:09,562 - INFO - Создан заказ: 1
2026-06-12 16:56:09,563 - INFO - Экспорт выполнен: /tmp/pytest-of-antisuffer/pytest-4/test_xml_export_import0/orders.xml
2026-06-12 16:56:09,575 - INFO - Создан клиент: Иван
2026-06-12 16:56:09,578 - INFO - Создан заказ: 1
2026-06-12 16:56:09,578 - INFO - Импорт выполнен: /tmp/pytest-of-antisuffer/pytest-4/test_xml_export_import0/orders.xml, создано: 1, пропущено дублей: 0
2026-06-12 16:56:09,579 - INFO - Импорт выполнен: /tmp/pytest-of-antisuffer/pytest-4/test_xml_export_import0/orders.xml, создано: 0, пропущено дублей: 1
2026-06-12 16:59:07,049 - INFO - Экспорт выполнен: orders.json
2026-06-12 16:59:07,109 - INFO - Экспорт выполнен: orders.xml
2026-06-12 16:59:07,183 - INFO - Импорт выполнен: orders.json, создано: 0, пропущено дублей: 9
2026-06-12 16:59:07,243 - INFO - Импорт выполнен: orders.xml, создано: 0, пропущено дублей: 9
2026-06-12 16:59:17,466 - INFO - Экспорт выполнен: orders.json
2026-06-12 16:59:17,537 - INFO - Экспорт выполнен: orders.xml
2026-06-12 16:59:17,597 - INFO - Импорт выполнен: orders.json, создано: 0, пропущено дублей: 9
2026-06-12 16:59:17,661 - INFO - Импорт выполнен: orders.xml, создано: 0, пропущено дублей: 9
2026-06-12 17:01:58,209 - ERROR - Ошибка создания заказа: Python int too large to convert to SQLite INTEGER
2026-06-12 17:02:04,930 - INFO - Создан заказ: 12
2026-06-12 17:04:03,544 - INFO - Создан заказ: 13
2026-06-12 17:04:41,372 - INFO - Создан заказ: 14
2026-06-12 17:05:52,382 - ERROR - Ошибка создания заказа: Python int too large to convert to SQLite INTEGER
2026-06-12 17:06:00,051 - INFO - Создан заказ: 16
2026-06-12 17:14:28,348 - INFO - Создан клиент: Иван
2026-06-12 17:14:28,349 - INFO - Изменён клиент: 1
2026-06-12 17:14:28,350 - INFO - Удалён клиент: 1
2026-06-12 17:14:28,356 - INFO - Создан клиент: Иван
2026-06-12 17:14:28,358 - INFO - Создан заказ: 1
2026-06-12 17:14:28,359 - INFO - Изменён заказ: 1
2026-06-12 17:14:28,359 - ERROR - Ошибка удаления клиента: Нельзя удалить клиента, у которого есть заказы
2026-06-12 17:14:28,365 - INFO - Создан клиент: Иван
2026-06-12 17:14:28,366 - INFO - Создан клиент: Анна
2026-06-12 17:14:28,367 - INFO - Создан заказ: 1
2026-06-12 17:14:28,368 - INFO - Создан заказ: 2
2026-06-12 17:14:28,372 - INFO - Создан клиент: Иван
2026-06-12 17:14:28,373 - INFO - Создан заказ: 1
2026-06-12 17:14:28,379 - INFO - Создан клиент: Иван
2026-06-12 17:14:28,379 - ERROR - Ошибка создания заказа: Python int too large to convert to SQLite INTEGER
2026-06-12 17:14:28,385 - INFO - Создан клиент: Иван
2026-06-12 17:14:28,387 - INFO - Создан заказ: 1
2026-06-12 17:14:28,387 - INFO - Экспорт выполнен: /tmp/pytest-of-antisuffer/pytest-5/test_json_export_import0/orders.json
2026-06-12 17:14:28,392 - INFO - Создан клиент: Иван
2026-06-12 17:14:28,393 - INFO - Создан заказ: 1
2026-06-12 17:14:28,394 - INFO - Импорт выполнен: /tmp/pytest-of-antisuffer/pytest-5/test_json_export_import0/orders.json, создано: 1, пропущено дублей: 0
2026-06-12 17:14:28,394 - INFO - Импорт выполнен: /tmp/pytest-of-antisuffer/pytest-5/test_json_export_import0/orders.json, создано: 0, пропущено дублей: 1
2026-06-12 17:14:28,399 - INFO - Создан клиент: Иван
2026-06-12 17:14:28,400 - INFO - Создан заказ: 1
2026-06-12 17:14:28,401 - INFO - Экспорт выполнен: /tmp/pytest-of-antisuffer/pytest-5/test_xml_export_import0/orders.xml
2026-06-12 17:14:28,406 - INFO - Создан клиент: Иван
2026-06-12 17:14:28,407 - INFO - Создан заказ: 1
2026-06-12 17:14:28,407 - INFO - Импорт выполнен: /tmp/pytest-of-antisuffer/pytest-5/test_xml_export_import0/orders.xml, создано: 1, пропущено дублей: 0
2026-06-12 17:14:28,407 - INFO - Импорт выполнен: /tmp/pytest-of-antisuffer/pytest-5/test_xml_export_import0/orders.xml, создано: 0, пропущено дублей: 1
2026-06-12 17:20:32,895 - ERROR - Ошибка создания заказа: Python int too large to convert to SQLite INTEGER
2026-06-12 17:20:39,587 - INFO - Создан заказ: 18
2026-06-12 17:25:26,296 - INFO - Создан клиент: Иван
2026-06-12 17:25:26,297 - INFO - Изменён клиент: 1
2026-06-12 17:25:26,298 - INFO - Удалён клиент: 1
2026-06-12 17:25:26,305 - INFO - Создан клиент: Иван
2026-06-12 17:25:26,306 - INFO - Создан заказ: 1
2026-06-12 17:25:26,307 - INFO - Изменён заказ: 1
2026-06-12 17:25:26,307 - ERROR - Ошибка удаления клиента: Нельзя удалить клиента, у которого есть заказы
2026-06-12 17:25:26,314 - INFO - Создан клиент: Иван
2026-06-12 17:25:26,315 - INFO - Создан клиент: Анна
2026-06-12 17:25:26,317 - INFO - Создан заказ: 1
2026-06-12 17:25:26,318 - INFO - Создан заказ: 2
2026-06-12 17:25:26,321 - INFO - Создан клиент: Иван
2026-06-12 17:25:26,322 - INFO - Создан заказ: 1
2026-06-12 17:25:26,329 - INFO - Создан клиент: Иван
2026-06-12 17:25:26,329 - ERROR - Ошибка создания заказа: Python int too large to convert to SQLite INTEGER
2026-06-12 17:25:26,335 - INFO - Создан клиент: Иван
2026-06-12 17:25:26,338 - INFO - Удалены пустые заказы без товаров: 1
2026-06-12 17:25:26,344 - INFO - Создан клиент: Иван
2026-06-12 17:25:26,345 - INFO - Создан заказ: 1
2026-06-12 17:25:26,345 - INFO - Экспорт выполнен: /tmp/pytest-of-antisuffer/pytest-6/test_json_export_import0/orders.json
2026-06-12 17:25:26,350 - INFO - Создан клиент: Иван
2026-06-12 17:25:26,351 - INFO - Создан заказ: 1
2026-06-12 17:25:26,351 - INFO - Импорт выполнен: /tmp/pytest-of-antisuffer/pytest-6/test_json_export_import0/orders.json, создано: 1, пропущено дублей: 0
2026-06-12 17:25:26,351 - INFO - Импорт выполнен: /tmp/pytest-of-antisuffer/pytest-6/test_json_export_import0/orders.json, создано: 0, пропущено дублей: 1
2026-06-12 17:25:26,357 - INFO - Создан клиент: Иван
2026-06-12 17:25:26,358 - INFO - Создан заказ: 1
2026-06-12 17:25:26,358 - INFO - Экспорт выполнен: /tmp/pytest-of-antisuffer/pytest-6/test_xml_export_import0/orders.xml
2026-06-12 17:25:26,363 - INFO - Создан клиент: Иван
2026-06-12 17:25:26,364 - INFO - Создан заказ: 1
2026-06-12 17:25:26,364 - INFO - Импорт выполнен: /tmp/pytest-of-antisuffer/pytest-6/test_xml_export_import0/orders.xml, создано: 1, пропущено дублей: 0
2026-06-12 17:25:26,364 - INFO - Импорт выполнен: /tmp/pytest-of-antisuffer/pytest-6/test_xml_export_import0/orders.xml, создано: 0, пропущено дублей: 1
2026-06-12 17:25:41,921 - INFO - Удалены пустые заказы без товаров: 3
2026-06-12 17:27:11,048 - ERROR - Ошибка создания заказа: Python int too large to convert to SQLite INTEGER
2026-06-12 17:27:16,668 - INFO - Создан заказ: 20
2026-06-12 17:27:23,767 - INFO - Удалён заказ: 19
2026-06-12 17:28:02,212 - ERROR - Ошибка создания заказа: Python int too large to convert to SQLite INTEGER
2026-06-12 17:28:07,295 - INFO - Создан заказ: 22
2026-06-12 17:28:16,299 - INFO - Удалён заказ: 21
2026-06-12 17:29:21,066 - INFO - Создан заказ: 23
2026-06-12 18:18:38,711 - INFO - Создан клиент: Иван
2026-06-12 18:18:38,712 - INFO - Изменён клиент: 1
2026-06-12 18:18:38,713 - INFO - Удалён клиент: 1
2026-06-12 18:18:38,718 - INFO - Создан клиент: Иван
2026-06-12 18:18:38,719 - INFO - Создан заказ: 1
2026-06-12 18:18:38,721 - INFO - Изменён заказ: 1
2026-06-12 18:18:38,721 - ERROR - Ошибка удаления клиента: Нельзя удалить клиента, у которого есть заказы
2026-06-12 18:18:38,728 - INFO - Создан клиент: Иван
2026-06-12 18:18:38,729 - INFO - Создан клиент: Анна
2026-06-12 18:18:38,731 - INFO - Создан заказ: 1
2026-06-12 18:18:38,732 - INFO - Создан заказ: 2
2026-06-12 18:18:38,738 - INFO - Создан клиент: Иван
2026-06-12 18:18:38,739 - INFO - Создан заказ: 1
2026-06-12 18:18:38,747 - INFO - Создан клиент: Иван
2026-06-12 18:18:38,747 - ERROR - Ошибка создания заказа: Python int too large to convert to SQLite INTEGER
2026-06-12 18:18:38,754 - INFO - Создан клиент: Иван
2026-06-12 18:18:38,756 - INFO - Удалены пустые заказы без товаров: 1
2026-06-12 18:18:38,763 - INFO - Создан клиент: Иван
2026-06-12 18:18:38,764 - INFO - Создан заказ: 1
2026-06-12 18:18:38,765 - INFO - Экспорт выполнен: /tmp/pytest-of-antisuffer/pytest-7/test_json_export_import0/orders.json
2026-06-12 18:18:38,772 - INFO - Создан клиент: Иван
2026-06-12 18:18:38,773 - INFO - Создан заказ: 1
2026-06-12 18:18:38,773 - INFO - Импорт выполнен: /tmp/pytest-of-antisuffer/pytest-7/test_json_export_import0/orders.json, создано: 1, пропущено дублей: 0
2026-06-12 18:18:38,773 - INFO - Импорт выполнен: /tmp/pytest-of-antisuffer/pytest-7/test_json_export_import0/orders.json, создано: 0, пропущено дублей: 1
2026-06-12 18:18:38,780 - INFO - Создан клиент: Иван
2026-06-12 18:18:38,781 - INFO - Создан заказ: 1
2026-06-12 18:18:38,782 - INFO - Экспорт выполнен: /tmp/pytest-of-antisuffer/pytest-7/test_xml_export_import0/orders.xml
2026-06-12 18:18:38,788 - INFO - Создан клиент: Иван
2026-06-12 18:18:38,789 - INFO - Создан заказ: 1
2026-06-12 18:18:38,789 - INFO - Импорт выполнен: /tmp/pytest-of-antisuffer/pytest-7/test_xml_export_import0/orders.xml, создано: 1, пропущено дублей: 0
2026-06-12 18:18:38,789 - INFO - Импорт выполнен: /tmp/pytest-of-antisuffer/pytest-7/test_xml_export_import0/orders.xml, создано: 0, пропущено дублей: 1
